GET /users 200 2 - 7.425 ms
POST /users 201 84 - 28.268 ms
GET /users/fbf381e0-6361-11ec-aa55-212f791cebb6 200 84 - 1.346 ms
DELETE /users/fbf381e0-6361-11ec-aa55-212f791cebb6 204 - - 0.890 ms
POST /users 201 84 - 3.624 ms
DELETE /users/fbf90020-6361-11ec-aa55-212f791cebb6 204 - - 0.320 ms
POST /users 201 84 - 1.130 ms
PUT /users/fbfc0d60-6361-11ec-aa55-212f791cebb6 200 101 - 1.487 ms
GET /users/fbfc0d60-6361-11ec-aa55-212f791cebb6 200 101 - 0.582 ms
DELETE /users/fbfc0d60-6361-11ec-aa55-212f791cebb6 204 - - 0.248 ms
POST /users 201 84 - 0.660 ms
DELETE /users/fc007a30-6361-11ec-aa55-212f791cebb6 204 - - 0.176 ms
POST /users 201 84 - 0.612 ms
POST /boards 201 229 - 2.168 ms
POST /boards/fc03d592-6361-11ec-aa55-212f791cebb6/tasks 201 214 - 2.414 ms
POST /boards/fc03d592-6361-11ec-aa55-212f791cebb6/tasks 201 214 - 1.313 ms
DELETE /users/fc029d10-6361-11ec-aa55-212f791cebb6 204 - - 0.626 ms
GET /boards/fc03d592-6361-11ec-aa55-212f791cebb6/tasks/fc058340-6361-11ec-aa55-212f791cebb6 200 180 - 0.955 ms
GET /boards/fc03d592-6361-11ec-aa55-212f791cebb6/tasks/fc05f870-6361-11ec-aa55-212f791cebb6 200 180 - 0.317 ms
DELETE /boards/fc03d592-6361-11ec-aa55-212f791cebb6/tasks/fc058340-6361-11ec-aa55-212f791cebb6 204 - - 0.977 ms
DELETE /boards/fc03d592-6361-11ec-aa55-212f791cebb6/tasks/fc05f870-6361-11ec-aa55-212f791cebb6 204 - - 0.243 ms
DELETE /boards/fc03d592-6361-11ec-aa55-212f791cebb6 204 - - 0.921 ms
POST /boards 201 229 - 0.658 ms
POST /boards/fc5e51a2-6361-11ec-aa55-212f791cebb6/tasks 201 186 - 0.577 ms
GET /boards/fc5e51a2-6361-11ec-aa55-212f791cebb6/tasks 200 188 - 0.575 ms
GET /boards/fc5e51a2-6361-11ec-aa55-212f791cebb6/tasks 200 188 - 0.254 ms
GET /boards/fc5e51a2-6361-11ec-aa55-212f791cebb6/tasks/fc5f8a20-6361-11ec-aa55-212f791cebb6 200 186 - 0.478 ms
POST /boards/fc5e51a2-6361-11ec-aa55-212f791cebb6/tasks 201 186 - 1.266 ms
DELETE /boards/fc5e51a2-6361-11ec-aa55-212f791cebb6/tasks/fc68b1e0-6361-11ec-aa55-212f791cebb6 204 - - 0.453 ms
POST /boards/fc5e51a2-6361-11ec-aa55-212f791cebb6/tasks 201 186 - 1.013 ms
PUT /boards/fc5e51a2-6361-11ec-aa55-212f791cebb6/tasks/fc6a86a0-6361-11ec-aa55-212f791cebb6 200 194 - 0.988 ms
GET /boards/fc5e51a2-6361-11ec-aa55-212f791cebb6/tasks/fc6a86a0-6361-11ec-aa55-212f791cebb6 200 194 - 0.225 ms
GET /boards/fc5e51a2-6361-11ec-aa55-212f791cebb6/tasks/fc5f8a20-6361-11ec-aa55-212f791cebb6 200 186 - 0.242 ms
DELETE /boards/fc5e51a2-6361-11ec-aa55-212f791cebb6/tasks/fc5f8a20-6361-11ec-aa55-212f791cebb6 204 - - 0.234 ms
GET /boards/fc5e51a2-6361-11ec-aa55-212f791cebb6/tasks/fc5f8a20-6361-11ec-aa55-212f791cebb6 404 9 - 0.753 ms
DELETE /boards/fc5e51a2-6361-11ec-aa55-212f791cebb6 204 - - 0.278 ms
POST /boards 201 229 - 1.012 ms
GET /boards 200 231 - 0.716 ms
GET /boards 200 231 - 0.218 ms
GET /boards/fcb942e2-6361-11ec-aa55-212f791cebb6 200 229 - 1.116 ms
POST /boards 201 229 - 0.544 ms
DELETE /boards/fcc3a322-6361-11ec-aa55-212f791cebb6 204 - - 0.189 ms
POST /boards 201 229 - 0.610 ms
PUT /boards/fcc550d2-6361-11ec-aa55-212f791cebb6 200 237 - 1.698 ms
GET /boards/fcc550d2-6361-11ec-aa55-212f791cebb6 200 237 - 0.270 ms
DELETE /boards/fcc550d2-6361-11ec-aa55-212f791cebb6 204 - - 0.207 ms
POST /boards 201 229 - 0.586 ms
DELETE /boards/fcc8ac32-6361-11ec-aa55-212f791cebb6 204 - - 0.189 ms
GET /boards/fcc8ac32-6361-11ec-aa55-212f791cebb6 404 9 - 0.306 ms
POST /boards 201 229 - 0.707 ms
POST /boards/fccaf622-6361-11ec-aa55-212f791cebb6/tasks 201 180 - 0.557 ms
POST /boards/fccaf622-6361-11ec-aa55-212f791cebb6/tasks 201 180 - 0.420 ms
POST /boards/fccaf622-6361-11ec-aa55-212f791cebb6/tasks 201 180 - 0.366 ms
POST /boards/fccaf622-6361-11ec-aa55-212f791cebb6/tasks 201 180 - 0.617 ms
POST /boards/fccaf622-6361-11ec-aa55-212f791cebb6/tasks 201 180 - 0.751 ms
GET /boards/fccaf622-6361-11ec-aa55-212f791cebb6/tasks/fccd8e30-6361-11ec-aa55-212f791cebb6 200 180 - 0.272 ms
GET /boards/fccaf622-6361-11ec-aa55-212f791cebb6/tasks/fcccf1f0-6361-11ec-aa55-212f791cebb6 200 180 - 0.176 ms
GET /boards/fccaf622-6361-11ec-aa55-212f791cebb6/tasks/fccd1900-6361-11ec-aa55-212f791cebb6 200 180 - 0.186 ms
GET /boards/fccaf622-6361-11ec-aa55-212f791cebb6/tasks/fccd1901-6361-11ec-aa55-212f791cebb6 200 180 - 0.240 ms
GET /boards/fccaf622-6361-11ec-aa55-212f791cebb6/tasks/fccd4010-6361-11ec-aa55-212f791cebb6 200 180 - 0.239 ms
DELETE /boards/fccaf622-6361-11ec-aa55-212f791cebb6 204 - - 0.215 ms
GET /boards/fccaf622-6361-11ec-aa55-212f791cebb6/tasks/fcccf1f0-6361-11ec-aa55-212f791cebb6 404 9 - 0.254 ms
GET /boards/fccaf622-6361-11ec-aa55-212f791cebb6/tasks/fccd4010-6361-11ec-aa55-212f791cebb6 404 9 - 0.295 ms
GET /boards/fccaf622-6361-11ec-aa55-212f791cebb6/tasks/fccd8e30-6361-11ec-aa55-212f791cebb6 404 9 - 0.243 ms
GET /boards/fccaf622-6361-11ec-aa55-212f791cebb6/tasks/fccd1900-6361-11ec-aa55-212f791cebb6 404 9 - 0.249 ms
GET /boards/fccaf622-6361-11ec-aa55-212f791cebb6/tasks/fccd1901-6361-11ec-aa55-212f791cebb6 404 9 - 0.365 ms
DELETE /boards/fcb942e2-6361-11ec-aa55-212f791cebb6 204 - - 0.425 ms
